ScavengerHunt/app/build/outputs/logs/manifest-merger-debug-report.txt
-- Merging decision tree log ---
manifest
ADDED from src\main\AndroidManifest.xml:2:1-64:12
	xmlns:android
		ADDED from src\main\AndroidManifest.xml:2:11-69
	package
		ADDED from src\main\AndroidManifest.xml:3:5-46
		INJECTED from src\main\AndroidManifest.xml
		INJECTED from src\main\AndroidManifest.xml
	android:versionName
		INJECTED from src\main\AndroidManifest.xml
		INJECTED from src\main\AndroidManifest.xml
	android:versionCode
		INJECTED from src\main\AndroidManifest.xml
		INJECTED from src\main\AndroidManifest.xml
uses-permission#android.permission.INTERNET
ADDED from src\main\AndroidManifest.xml:5:5-67
MERGED from [com.google.android.gms:play-services-maps:8.4.0] AndroidManifest.xml:21:5-66
	android:name
		ADDED from src\main\AndroidManifest.xml:5:22-64
uses-permission#android.permission.ACCESS_FINE_LOCATION
ADDED from src\main\AndroidManifest.xml:6:5-79
	android:name
		ADDED from src\main\AndroidManifest.xml:6:22-76
uses-permission#android.permission.ACCESS_COARSE_LOCATION
ADDED from src\main\AndroidManifest.xml:7:5-81
	android:name
		ADDED from src\main\AndroidManifest.xml:7:22-78
uses-permission#android.permission.CAMERA
ADDED from src\main\AndroidManifest.xml:8:5-65
	android:name
		ADDED from src\main\AndroidManifest.xml:8:22-62
uses-feature#android.hardware.camera
ADDED from src\main\AndroidManifest.xml:9:5-60
	android:name
		ADDED from src\main\AndroidManifest.xml:9:19-57
application
ADDED from src\main\AndroidManifest.xml:11:5-62:19
MERGED from [com.android.support:appcompat-v7:23.1.1] AndroidManifest.xml:22:5-20
MERGED from [com.android.support:support-v4:23.1.1] AndroidManifest.xml:22:5-20
MERGED from [com.android.support:design:23.1.1] AndroidManifest.xml:22:5-20
MERGED from [com.android.support:appcompat-v7:23.1.1] AndroidManifest.xml:22:5-20
MERGED from [com.android.support:support-v4:23.1.1] AndroidManifest.xml:22:5-20
MERGED from [com.android.support:support-v4:23.1.1] AndroidManifest.xml:22:5-20
MERGED from [com.android.support:support-v4:23.1.1] AndroidManifest.xml:22:5-20
MERGED from [com.google.android.gms:play-services-maps:8.4.0] AndroidManifest.xml:27:5-20
MERGED from [com.google.android.gms:play-services-basement:8.4.0] AndroidManifest.xml:20:5-24:19
MERGED from [com.android.support:support-v4:23.1.1] AndroidManifest.xml:22:5-20
	android:supportsRtl
		ADDED from src\main\AndroidManifest.xml:15:9-35
	android:label
		ADDED from src\main\AndroidManifest.xml:14:9-41
	android:allowBackup
		ADDED from src\main\AndroidManifest.xml:12:9-35
	android:icon
		ADDED from src\main\AndroidManifest.xml:13:9-43
	android:theme
		ADDED from src\main\AndroidManifest.xml:16:9-40
activity#rbh9dm.cs4720.com.scavengerhunt.MainActivity
ADDED from src\main\AndroidManifest.xml:17:9-26:20
	android:label
		ADDED from src\main\AndroidManifest.xml:19:13-45
	android:theme
		ADDED from src\main\AndroidManifest.xml:20:13-56
	android:name
		ADDED from src\main\AndroidManifest.xml:18:13-41
intent-filter#android.intent.action.MAIN+android.intent.category.LAUNCHER
ADDED from src\main\AndroidManifest.xml:21:13-25:29
action#android.intent.action.MAIN
ADDED from src\main\AndroidManifest.xml:22:17-69
	android:name
		ADDED from src\main\AndroidManifest.xml:22:25-66
category#android.intent.category.LAUNCHER
ADDED from src\main\AndroidManifest.xml:24:17-77
	android:name
		ADDED from src\main\AndroidManifest.xml:24:27-74
activity#rbh9dm.cs4720.com.scavengerhunt.HuntItems
ADDED from src\main\AndroidManifest.xml:27:9-30:59
	android:label
		ADDED from src\main\AndroidManifest.xml:29:13-62
	android:theme
		ADDED from src\main\AndroidManifest.xml:30:13-56
	android:name
		ADDED from src\main\AndroidManifest.xml:28:13-38
activity#rbh9dm.cs4720.com.scavengerhunt.AddScavengerHunt
ADDED from src\main\AndroidManifest.xml:31:9-34:59
	android:label
		ADDED from src\main\AndroidManifest.xml:33:13-70
	android:theme
		ADDED from src\main\AndroidManifest.xml:34:13-56
	android:name
		ADDED from src\main\AndroidManifest.xml:32:13-45
activity#rbh9dm.cs4720.com.scavengerhunt.Add_Hunt_Item
ADDED from src\main\AndroidManifest.xml:35:9-38:59
	android:label
		ADDED from src\main\AndroidManifest.xml:37:13-67
	android:theme
		ADDED from src\main\AndroidManifest.xml:38:13-56
	android:name
		ADDED from src\main\AndroidManifest.xml:36:13-42
activity#rbh9dm.cs4720.com.scavengerhunt.More_info
ADDED from src\main\AndroidManifest.xml:39:9-42:59
	android:label
		ADDED from src\main\AndroidManifest.xml:41:13-61
	android:theme
		ADDED from src\main\AndroidManifest.xml:42:13-56
	android:name
		ADDED from src\main\AndroidManifest.xml:40:13-38
activity#rbh9dm.cs4720.com.scavengerhunt.HuntDownload
ADDED from src\main\AndroidManifest.xml:43:9-46:59
	android:label
		ADDED from src\main\AndroidManifest.xml:45:13-65
	android:theme
		ADDED from src\main\AndroidManifest.xml:46:13-56
	android:name
		ADDED from src\main\AndroidManifest.xml:44:13-41
meta-data#com.google.android.geo.API_KEY
ADDED from src\main\AndroidManifest.xml:55:9-57:55
	android:name
		ADDED from src\main\AndroidManifest.xml:56:13-58
	android:value
		ADDED from src\main\AndroidManifest.xml:57:13-52
activity#rbh9dm.cs4720.com.scavengerhunt.MapsActivity
ADDED from src\main\AndroidManifest.xml:59:9-61:59
	android:label
		ADDED from src\main\AndroidManifest.xml:61:13-56
	android:name
		ADDED from src\main\AndroidManifest.xml:60:13-41
uses-sdk
INJECTED from src\main\AndroidManifest.xml reason: use-sdk injection requested
MERGED from [com.android.support:appcompat-v7:23.1.1] AndroidManifest.xml:20:5-43
MERGED from [com.android.support:support-v4:23.1.1] AndroidManifest.xml:20:5-43
MERGED from [com.android.support:design:23.1.1] AndroidManifest.xml:20:5-43
MERGED from [com.android.support:appcompat-v7:23.1.1] AndroidManifest.xml:20:5-43
MERGED from [com.android.support:support-v4:23.1.1] AndroidManifest.xml:20:5-43
MERGED from [com.android.support:recyclerview-v7:23.1.1] AndroidManifest.xml:20:5-43
MERGED from [com.android.support:support-v4:23.1.1] AndroidManifest.xml:20:5-43
MERGED from [com.android.support:support-v4:23.1.1] AndroidManifest.xml:20:5-43
MERGED from [com.google.android.gms:play-services-maps:8.4.0] AndroidManifest.xml:26:5-42
MERGED from [com.google.android.gms:play-services-base:8.4.0] AndroidManifest.xml:18:5-42
MERGED from [com.google.android.gms:play-services-basement:8.4.0] AndroidManifest.xml:18:5-42
MERGED from [com.android.support:support-v4:23.1.1] AndroidManifest.xml:20:5-43
	android:targetSdkVersion
		INJECTED from src\main\AndroidManifest.xml
		INJECTED from src\main\AndroidManifest.xml
	android:minSdkVersion
		INJECTED from src\main\AndroidManifest.xml
		INJECTED from src\main\AndroidManifest.xml
uses-permission#android.permission.ACCESS_NETWORK_STATE
ADDED from [com.google.android.gms:play-services-maps:8.4.0] AndroidManifest.xml:20:5-78
	android:name
		ADDED from [com.google.android.gms:play-services-maps:8.4.0] AndroidManifest.xml:20:22-76
uses-feature#0x00020000
ADDED from [com.google.android.gms:play-services-maps:8.4.0] AndroidManifest.xml:22:5-24:33
	android:required
		ADDED from [com.google.android.gms:play-services-maps:8.4.0] AndroidManifest.xml:24:8-31
	android:glEsVersion
		ADDED from [com.google.android.gms:play-services-maps:8.4.0] AndroidManifest.xml:23:8-40
meta-data#com.google.android.gms.version
ADDED from [com.google.android.gms:play-services-basement:8.4.0] AndroidManifest.xml:21:9-23:69
	android:name
		ADDED from [com.google.android.gms:play-services-basement:8.4.0] AndroidManifest.xml:22:13-58
	android:value
		ADDED from [com.google.android.gms:play-services-basement:8.4.0] AndroidManifest.xml:23:13-66